[0m22:07:22.094115 [debug] [MainThread]: Sending event: {'category': 'dbt', 'action': 'invocation', 'label': 'start', 'context': [<snowplow_tracker.self_describing_json.SelfDescribingJson object at 0x00000205B6D173D0>, <snowplow_tracker.self_describing_json.SelfDescribingJson object at 0x00000205B80A0F10>, <snowplow_tracker.self_describing_json.SelfDescribingJson object at 0x00000205B80A0D00>]}


============================== 22:07:22.113981 | 60cefbc0-90f8-4041-8631-bbce75595699 ==============================
[0m22:07:22.113981 [info ] [MainThread]: Running with dbt=1.11.8
[0m22:07:22.121996 [debug] [MainThread]: running dbt with arguments {'version_check': 'True', 'no_print': 'None', 'static_parser': 'True', 'warn_error_options': 'WarnErrorOptionsV2(error=[], warn=[], silence=[])', 'target_path': 'None', 'printer_width': '80', 'write_json': 'True', 'introspect': 'True', 'log_cache_events': 'False', 'empty': 'None', 'cache_selected_only': 'False', 'fail_fast': 'False', 'debug': 'False', 'log_format': 'default', 'profiles_dir': 'C:\\Users\\akshitha\\.dbt', 'send_anonymous_usage_stats': 'True', 'quiet': 'False', 'warn_error': 'None', 'partial_parse': 'True', 'use_colors': 'True', 'indirect_selection': 'eager', 'invocation_command': 'dbt init medicare_dbt', 'use_experimental_parser': 'False', 'log_path': 'logs'}
[0m22:07:22.363175 [info ] [MainThread]: Creating dbt configuration folder at C:\Users\akshitha\.dbt
[0m22:07:22.369374 [debug] [MainThread]: Starter project path: C:\Users\akshitha\AppData\Local\Programs\Python\Python310\lib\site-packages\dbt\include\starter_project
[0m22:07:22.603538 [info ] [MainThread]: 
Your new dbt project "medicare_dbt" was created!

For more information on how to configure the profiles.yml file,
please consult the dbt documentation here:

  https://docs.getdbt.com/docs/configure-your-profile

One more thing:

Need help? Don't hesitate to reach out to us via GitHub issues or on Slack:

  https://community.getdbt.com/

Happy modeling!

[0m22:07:22.603538 [info ] [MainThread]: Setting up your profile.
[0m22:08:28.256353 [info ] [MainThread]: Profile medicare_dbt written to C:\Users\akshitha\.dbt\profiles.yml using target's profile_template.yml and your supplied values. Run 'dbt debug' to validate the connection.
[0m22:08:28.261785 [debug] [MainThread]: Command `dbt init` succeeded at 22:08:28.261785 after 66.47 seconds
[0m22:08:28.261785 [debug] [MainThread]: Sending event: {'category': 'dbt', 'action': 'invocation', 'label': 'end', 'context': [<snowplow_tracker.self_describing_json.SelfDescribingJson object at 0x00000205B6D173D0>, <snowplow_tracker.self_describing_json.SelfDescribingJson object at 0x00000205B80A0CD0>, <snowplow_tracker.self_describing_json.SelfDescribingJson object at 0x00000205B80A6650>]}
[0m22:08:28.261785 [debug] [MainThread]: Flushing usage events
[0m22:08:28.786186 [debug] [MainThread]: An error was encountered while trying to flush usage events
